<?xml version="1.0" encoding="UTF-8"?>
<coverage generated="1575409235145" clover="3.2.0">
  <project timestamp="1575409235145" name="All files">
    <metrics statements="35" coveredstatements="35" conditionals="24" coveredconditionals="24" methods="13" coveredmethods="13" elements="72" coveredelements="72" complexity="0" loc="35" ncloc="35" packages="1" files="1" classes="1"/>
    <file name="types.js" path="/home/munizao/projects/ct/ct-lab2/lib/types.js">
      <metrics statements="35" coveredstatements="35" conditionals="24" coveredconditionals="24" methods="13" coveredmethods="13"/>
      <line num="1" count="16" type="stmt"/>
      <line num="2" count="20" type="stmt"/>
      <line num="3" count="18" type="stmt"/>
      <line num="4" count="16" type="stmt"/>
      <line num="5" count="6" type="cond" truecount="2" falsecount="0"/>
      <line num="6" count="6" type="stmt"/>
      <line num="8" count="1" type="stmt"/>
      <line num="9" count="10" type="cond" truecount="2" falsecount="0"/>
      <line num="10" count="7" type="cond" truecount="2" falsecount="0"/>
      <line num="11" count="5" type="cond" truecount="2" falsecount="0"/>
      <line num="12" count="3" type="cond" truecount="2" falsecount="0"/>
      <line num="13" count="2" type="stmt"/>
      <line num="16" count="1" type="stmt"/>
      <line num="17" count="7" type="cond" truecount="2" falsecount="0"/>
      <line num="18" count="6" type="stmt"/>
      <line num="19" count="6" type="cond" truecount="2" falsecount="0"/>
      <line num="20" count="3" type="stmt"/>
      <line num="23" count="1" type="stmt"/>
      <line num="24" count="6" type="cond" truecount="2" falsecount="0"/>
      <line num="25" count="4" type="cond" truecount="2" falsecount="0"/>
      <line num="26" count="3" type="cond" truecount="2" falsecount="0"/>
      <line num="27" count="2" type="stmt"/>
      <line num="30" count="4" type="stmt"/>
      <line num="31" count="3" type="stmt"/>
      <line num="32" count="3" type="stmt"/>
      <line num="34" count="2" type="stmt"/>
      <line num="40" count="9" type="stmt"/>
      <line num="41" count="9" type="stmt"/>
      <line num="42" count="9" type="stmt"/>
      <line num="43" count="9" type="stmt"/>
      <line num="47" count="1" type="stmt"/>
      <line num="53" count="1" type="stmt"/>
      <line num="54" count="5" type="cond" truecount="2" falsecount="0"/>
      <line num="56" count="4" type="cond" truecount="2" falsecount="0"/>
      <line num="59" count="1" type="stmt"/>
    </file>
  </project>
</coverage>
